<?xml version="1.0" encoding="UTF-8"?>
<testsuite xmlns:xsi="http://www.w3.org/2001/XMLSchema-instance" xsi:noNamespaceSchemaLocation="https://maven.apache.org/surefire/maven-surefire-plugin/xsd/surefire-test-report-3.0.xsd" version="3.0" name="com.revature.revshop.ProductServiceApplicationTests" time="2.457" tests="8" errors="0" skipped="0" failures="0">
  <properties>
[...]
</properties>
  <testcase name="deleteProductById_ShouldReturnTrue" classname="com.revature.revshop.ProductServiceApplicationTests" time="0.042">
    <system-out><![CDATA[2024-09-28T14:19:00.806+05:30  INFO 20072 --- [product-service] [           main] [                                                 ] t.c.s.AnnotationConfigContextLoaderUtils : Could not detect default configuration classes for test class [com.revature.revshop.ProductServiceApplicationTests]: ProductServiceApplicationTests does not declare any static, non-private, non-final, nested classes annotated with @Configuration.
2024-09-28T14:19:00.898+05:30  INFO 20072 --- [product-service] [           main] [                                                 ] .b.t.c.SpringBootTestContextBootstrapper : Found @SpringBootConfiguration com.revature.revshop.ProductServiceApplication for test class com.revature.revshop.ProductServiceApplicationTests
]]></system-out>
  </testcase>
  <testcase name="getAllProducts_ShouldReturnListOfProductResponses" classname="com.revature.revshop.ProductServiceApplicationTests" time="0.03"/>
  <testcase name="updateProductById_ShouldReturnUpdatedProductResponse" classname="com.revature.revshop.ProductServiceApplicationTests" time="0.02"/>
  <testcase name="createProduct_ShouldReturnProductResponse" classname="com.revature.revshop.ProductServiceApplicationTests" time="0.014"/>
  <testcase name="getProductById_ShouldThrowExceptionWhenProductNotFound" classname="com.revature.revshop.ProductServiceApplicationTests" time="0.014"/>
  <testcase name="createProduct_ShouldThrowExceptionWhenCategoryNotFound" classname="com.revature.revshop.ProductServiceApplicationTests" time="0.016"/>
  <testcase name="getProductById_ShouldReturnProductResponse" classname="com.revature.revshop.ProductServiceApplicationTests" time="0.01"/>
  <testcase name="contextLoads" classname="com.revature.revshop.ProductServiceApplicationTests" time="0.017"/>
</testsuite>